<?xml version="1.0" encoding="UTF-8"?>
<!-- Generated by org.testng.reporters.JUnitReportReporter -->
<testsuite hostname="DESKTOP-0H5R4VD" failures="0" tests="1" name="organizations.TC_VT_011_Test" time="28.338" errors="0" timestamp="2025-07-08T15:53:00 IST" skipped="0">
  <testcase classname="organizations.TC_VT_011_Test" name="createOrganization" time="28.338"/>
</testsuite> <!-- organizations.TC_VT_011_Test -->
