<?xml version="1.0" encoding="UTF-8"?>
<!-- Generated by org.testng.reporters.JUnitReportReporter -->
<testsuite hostname="DESKTOP-0H5R4VD" failures="0" tests="1" name="contacts.TC_VT_003_Test" time="31.228" errors="0" timestamp="2025-07-08T17:50:49 IST" skipped="0">
  <testcase classname="contacts.TC_VT_003_Test" name="createContactWithOrganization" time="31.228"/>
</testsuite> <!-- contacts.TC_VT_003_Test -->
