<?xml version="1.0" encoding="UTF-8"?>
<!-- Generated by org.testng.reporters.JUnitReportReporter -->
<testsuite hostname="DESKTOP-0H5R4VD" failures="0" tests="1" name="contacts.TC_VT_002_Test" time="27.786" errors="0" timestamp="2025-07-08T13:54:06 IST" skipped="0">
  <testcase classname="contacts.TC_VT_002_Test" name="createContact" time="27.786"/>
</testsuite> <!-- contacts.TC_VT_002_Test -->
